<?xml version="1.0" encoding="UTF-8"?>
<testng-results ignored="1" total="2" passed="1" failed="0" skipped="0">
  <reporter-output>
  </reporter-output>
  <suite started-at="2024-04-20T10:17:03 IST" name="Default suite" finished-at="2024-04-20T10:17:15 IST" duration-ms="11925">
    <groups>
    </groups>
    <test started-at="2024-04-20T10:17:03 IST" name="Default test" finished-at="2024-04-20T10:17:15 IST" duration-ms="11925">
      <class name="testcase.Testcase">
        <test-method signature="signin()[pri:0, instance:testcase.Testcase@71238fc2]" started-at="2024-04-20T10:17:03 IST" name="signin" finished-at="2024-04-20T10:17:14 IST" duration-ms="11510" status="PASS">
          <reporter-output>
          </reporter-output>
        </test-method> <!-- signin -->
        <test-method is-config="true" signature="close()[pri:0, instance:testcase.Testcase@71238fc2]" started-at="2024-04-20T10:17:14 IST" name="close" finished-at="2024-04-20T10:17:15 IST" duration-ms="353" status="PASS">
          <reporter-output>
          </reporter-output>
        </test-method> <!-- close -->
      </class> <!-- testcase.Testcase -->
    </test> <!-- Default test -->
  </suite> <!-- Default suite -->
</testng-results>
